2025-07-28 20:21:14,756 - INFO - 🚀 Avvio aggiornamento continuo dashboard (intervallo: 30s)
2025-07-28 20:21:15,234 - INFO - 📊 Dashboard aggiornata: 41.5907, 14.8539
2025-07-28 20:49:37,154 - INFO - 🚀 Avvio aggiornamento continuo dashboard (intervallo: 30s)
2025-07-29 08:09:07,189 - INFO - 🚀 Avvio aggiornamento continuo dashboard (intervallo: 30s)
2025-07-29 08:22:27,994 - INFO - ⏹ Aggiornamento dashboard interrotto manualmente
2025-07-29 08:22:36,442 - INFO - 🚀 Avvio aggiornamento continuo dashboard (intervallo: 30s)
2025-07-29 08:23:36,011 - INFO - ⏹ Aggiornamento dashboard interrotto manualmente
2025-07-29 08:23:51,760 - INFO - 🚀 Avvio aggiornamento continuo dashboard (intervallo: 30s)
2025-07-29 08:28:52,853 - INFO - 📊 Dashboard aggiornata: 41.4522, 14.7023
2025-07-29 08:29:52,978 - INFO - 📊 Dashboard aggiornata: 41.4716, 14.6751
2025-07-29 08:30:49,994 - INFO - ⏹ Aggiornamento dashboard interrotto manualmente
2025-07-29 08:30:54,571 - INFO - 🚀 Avvio aggiornamento continuo dashboard (intervallo: 30s)
[DEBUG] Nessun aggiornamento necessario in questo ciclo.
2025-07-29 10:56:08,333 - INFO - ⏹ Aggiornamento dashboard interrotto manualmente
2025-07-29 10:56:15,678 - INFO - 🚀 Avvio aggiornamento continuo dashboard (intervallo: 30s)
2025-07-29 10:56:16,331 - INFO - [DEBUG] Nessun aggiornamento necessario in questo ciclo.
2025-07-29 10:56:40,292 - INFO - ⏹ Aggiornamento dashboard interrotto manualmente
2025-07-29 10:56:51,124 - INFO - 🚀 Avvio aggiornamento continuo dashboard (intervallo: 30s)
2025-07-29 10:56:51,672 - INFO - [DEBUG] Nessun aggiornamento necessario in questo ciclo.
2025-07-29 10:57:21,732 - INFO - [DEBUG] Nessun aggiornamento necessario in questo ciclo.
2025-07-29 10:57:51,773 - INFO - [DEBUG] Nessun aggiornamento necessario in questo ciclo.
2025-07-29 10:58:21,812 - INFO - [DEBUG] Nessun aggiornamento necessario in questo ciclo.
2025-07-29 10:58:51,870 - INFO - [DEBUG] Nessun aggiornamento necessario in questo ciclo.
2025-07-29 10:59:21,933 - INFO - [DEBUG] Nessun aggiornamento necessario in questo ciclo.
2025-07-29 10:59:51,990 - INFO - [DEBUG] Nessun aggiornamento necessario in questo ciclo.
2025-07-29 11:00:22,045 - INFO - [DEBUG] Nessun aggiornamento necessario in questo ciclo.
2025-07-29 11:00:52,090 - INFO - [DEBUG] Nessun aggiornamento necessario in questo ciclo.
2025-07-29 11:01:22,138 - INFO - [DEBUG] Nessun aggiornamento necessario in questo ciclo.
2025-07-29 11:01:52,194 - INFO - [DEBUG] Nessun aggiornamento necessario in questo ciclo.
2025-07-29 11:02:22,257 - INFO - [DEBUG] Nessun aggiornamento necessario in questo ciclo.
2025-07-29 11:02:52,318 - INFO - [DEBUG] Nessun aggiornamento necessario in questo ciclo.
2025-07-29 11:03:22,381 - INFO - [DEBUG] Nessun aggiornamento necessario in questo ciclo.
2025-07-29 11:03:52,446 - INFO - [DEBUG] Nessun aggiornamento necessario in questo ciclo.
2025-07-29 11:04:22,505 - INFO - [DEBUG] Nessun aggiornamento necessario in questo ciclo.
2025-07-29 11:04:52,570 - INFO - [DEBUG] Nessun aggiornamento necessario in questo ciclo.
2025-07-29 11:05:22,634 - INFO - [DEBUG] Nessun aggiornamento necessario in questo ciclo.
2025-07-29 11:05:52,700 - INFO - [DEBUG] Nessun aggiornamento necessario in questo ciclo.
2025-07-29 11:06:22,762 - INFO - [DEBUG] Nessun aggiornamento necessario in questo ciclo.
2025-07-29 11:06:52,803 - INFO - [DEBUG] Nessun aggiornamento necessario in questo ciclo.
2025-07-29 11:07:22,869 - INFO - [DEBUG] Nessun aggiornamento necessario in questo ciclo.
2025-07-29 11:07:52,933 - INFO - [DEBUG] Nessun aggiornamento necessario in questo ciclo.
2025-07-29 11:08:22,993 - INFO - [DEBUG] Nessun aggiornamento necessario in questo ciclo.
2025-07-29 11:08:53,051 - INFO - [DEBUG] Nessun aggiornamento necessario in questo ciclo.
2025-07-29 11:09:23,115 - INFO - [DEBUG] Nessun aggiornamento necessario in questo ciclo.
2025-07-29 11:09:53,180 - INFO - [DEBUG] Nessun aggiornamento necessario in questo ciclo.
2025-07-29 11:10:23,237 - INFO - [DEBUG] Nessun aggiornamento necessario in questo ciclo.
2025-07-29 11:10:53,295 - INFO - [DEBUG] Nessun aggiornamento necessario in questo ciclo.
2025-07-29 11:11:23,357 - INFO - [DEBUG] Nessun aggiornamento necessario in questo ciclo.
2025-07-29 11:11:53,421 - INFO - [DEBUG] Nessun aggiornamento necessario in questo ciclo.
2025-07-29 11:12:23,486 - INFO - [DEBUG] Nessun aggiornamento necessario in questo ciclo.
2025-07-29 11:12:53,526 - INFO - [DEBUG] Nessun aggiornamento necessario in questo ciclo.
2025-07-29 11:13:23,575 - INFO - [DEBUG] Nessun aggiornamento necessario in questo ciclo.
2025-07-29 11:13:53,642 - INFO - [DEBUG] Nessun aggiornamento necessario in questo ciclo.
2025-07-29 11:14:23,693 - INFO - [DEBUG] Nessun aggiornamento necessario in questo ciclo.
2025-07-29 11:14:53,747 - INFO - [DEBUG] Nessun aggiornamento necessario in questo ciclo.
2025-07-29 11:15:23,813 - INFO - [DEBUG] Nessun aggiornamento necessario in questo ciclo.
2025-07-29 11:15:53,863 - INFO - [DEBUG] Nessun aggiornamento necessario in questo ciclo.
2025-07-29 11:16:23,913 - INFO - [DEBUG] Nessun aggiornamento necessario in questo ciclo.
2025-07-29 11:16:53,971 - INFO - [DEBUG] Nessun aggiornamento necessario in questo ciclo.
2025-07-29 11:17:24,035 - INFO - [DEBUG] Nessun aggiornamento necessario in questo ciclo.
2025-07-29 11:20:06,592 - INFO - [DEBUG] Nessun aggiornamento necessario in questo ciclo.
2025-07-29 11:20:36,672 - INFO - [DEBUG] Nessun aggiornamento necessario in questo ciclo.
2025-07-29 11:21:06,736 - INFO - [DEBUG] Nessun aggiornamento necessario in questo ciclo.
2025-07-29 11:21:36,799 - INFO - [DEBUG] Nessun aggiornamento necessario in questo ciclo.
2025-07-29 11:21:47,507 - INFO - ⏹ Aggiornamento dashboard interrotto manualmente
2025-07-29 11:21:55,017 - INFO - 🚀 Avvio aggiornamento continuo dashboard (intervallo: 30s)
2025-07-29 11:21:55,721 - INFO - [DEBUG] Nessun aggiornamento necessario in questo ciclo.
2025-07-29 11:22:25,778 - INFO - [DEBUG] Nessun aggiornamento necessario in questo ciclo.
2025-07-29 11:22:55,840 - INFO - [DEBUG] Nessun aggiornamento necessario in questo ciclo.
2025-07-29 11:23:25,906 - INFO - [DEBUG] Nessun aggiornamento necessario in questo ciclo.
2025-07-29 11:23:55,970 - INFO - [DEBUG] Nessun aggiornamento necessario in questo ciclo.
2025-07-29 11:24:26,035 - INFO - [DEBUG] Nessun aggiornamento necessario in questo ciclo.
2025-07-29 11:24:56,098 - INFO - [DEBUG] Nessun aggiornamento necessario in questo ciclo.
2025-07-29 11:25:26,168 - INFO - [DEBUG] Nessun aggiornamento necessario in questo ciclo.
2025-07-29 11:25:56,231 - INFO - [DEBUG] Nessun aggiornamento necessario in questo ciclo.
2025-07-29 11:26:10,690 - INFO - ⏹ Aggiornamento dashboard interrotto manualmente
2025-07-29 11:26:19,669 - INFO - 🚀 Avvio aggiornamento continuo dashboard (intervallo: 30s)
2025-07-29 11:26:20,267 - INFO - [DEBUG] Nessun aggiornamento necessario in questo ciclo.
2025-07-29 11:26:50,334 - INFO - [DEBUG] Nessun aggiornamento necessario in questo ciclo.
2025-07-29 11:27:20,403 - INFO - [DEBUG] Nessun aggiornamento necessario in questo ciclo.
2025-07-29 11:27:50,466 - INFO - [DEBUG] Nessun aggiornamento necessario in questo ciclo.
2025-07-29 11:28:20,530 - INFO - [DEBUG] Nessun aggiornamento necessario in questo ciclo.
2025-07-29 11:28:50,593 - INFO - [DEBUG] Nessun aggiornamento necessario in questo ciclo.
2025-07-29 11:29:20,638 - INFO - [DEBUG] Nessun aggiornamento necessario in questo ciclo.
2025-07-29 11:29:50,702 - INFO - [DEBUG] Nessun aggiornamento necessario in questo ciclo.
2025-07-29 11:30:20,768 - INFO - [DEBUG] Nessun aggiornamento necessario in questo ciclo.
2025-07-29 11:30:50,832 - INFO - [DEBUG] Nessun aggiornamento necessario in questo ciclo.
2025-07-29 11:31:20,895 - INFO - [DEBUG] Nessun aggiornamento necessario in questo ciclo.
2025-07-29 11:31:50,957 - INFO - [DEBUG] Nessun aggiornamento necessario in questo ciclo.
2025-07-29 11:32:20,999 - INFO - [DEBUG] Nessun aggiornamento necessario in questo ciclo.
2025-07-29 11:32:51,063 - INFO - [DEBUG] Nessun aggiornamento necessario in questo ciclo.
2025-07-29 11:33:21,122 - INFO - [DEBUG] Nessun aggiornamento necessario in questo ciclo.
2025-07-29 11:33:51,185 - INFO - [DEBUG] Nessun aggiornamento necessario in questo ciclo.
2025-07-29 11:34:21,235 - INFO - [DEBUG] Nessun aggiornamento necessario in questo ciclo.
2025-07-29 11:34:51,296 - INFO - [DEBUG] Nessun aggiornamento necessario in questo ciclo.
2025-07-29 11:35:21,345 - INFO - [DEBUG] Nessun aggiornamento necessario in questo ciclo.
2025-07-29 11:35:51,393 - INFO - [DEBUG] Nessun aggiornamento necessario in questo ciclo.
2025-07-29 11:36:21,442 - INFO - [DEBUG] Nessun aggiornamento necessario in questo ciclo.
2025-07-29 11:36:51,483 - INFO - [DEBUG] Nessun aggiornamento necessario in questo ciclo.
2025-07-29 11:37:21,545 - INFO - [DEBUG] Nessun aggiornamento necessario in questo ciclo.
2025-07-29 11:37:51,592 - INFO - [DEBUG] Nessun aggiornamento necessario in questo ciclo.
2025-07-29 11:38:21,647 - INFO - [DEBUG] Nessun aggiornamento necessario in questo ciclo.
2025-07-29 11:38:51,700 - INFO - [DEBUG] Nessun aggiornamento necessario in questo ciclo.
2025-07-29 11:39:21,761 - INFO - [DEBUG] Nessun aggiornamento necessario in questo ciclo.
2025-07-29 11:39:51,822 - INFO - [DEBUG] Nessun aggiornamento necessario in questo ciclo.
2025-07-29 11:40:21,869 - INFO - [DEBUG] Nessun aggiornamento necessario in questo ciclo.
2025-07-29 11:40:51,933 - INFO - [DEBUG] Nessun aggiornamento necessario in questo ciclo.
2025-07-29 11:41:21,996 - INFO - [DEBUG] Nessun aggiornamento necessario in questo ciclo.
2025-07-29 11:41:52,056 - INFO - [DEBUG] Nessun aggiornamento necessario in questo ciclo.
2025-07-29 11:42:22,120 - INFO - [DEBUG] Nessun aggiornamento necessario in questo ciclo.
2025-07-29 11:42:52,163 - INFO - [DEBUG] Nessun aggiornamento necessario in questo ciclo.
2025-07-29 11:43:22,201 - INFO - [DEBUG] Nessun aggiornamento necessario in questo ciclo.
2025-07-29 11:43:52,256 - INFO - [DEBUG] Nessun aggiornamento necessario in questo ciclo.
2025-07-29 11:44:22,318 - INFO - [DEBUG] Nessun aggiornamento necessario in questo ciclo.
2025-07-29 11:44:52,376 - INFO - [DEBUG] Nessun aggiornamento necessario in questo ciclo.
2025-07-29 11:45:22,422 - INFO - [DEBUG] Nessun aggiornamento necessario in questo ciclo.
2025-07-29 11:45:52,485 - INFO - [DEBUG] Nessun aggiornamento necessario in questo ciclo.
2025-07-29 11:46:22,548 - INFO - [DEBUG] Nessun aggiornamento necessario in questo ciclo.
2025-07-29 11:46:52,611 - INFO - [DEBUG] Nessun aggiornamento necessario in questo ciclo.
2025-07-29 11:47:22,661 - INFO - [DEBUG] Nessun aggiornamento necessario in questo ciclo.
2025-07-29 11:47:52,725 - INFO - [DEBUG] Nessun aggiornamento necessario in questo ciclo.
2025-07-29 11:48:22,764 - INFO - [DEBUG] Nessun aggiornamento necessario in questo ciclo.
2025-07-29 11:48:52,826 - INFO - [DEBUG] Nessun aggiornamento necessario in questo ciclo.
2025-07-29 11:49:22,890 - INFO - [DEBUG] Nessun aggiornamento necessario in questo ciclo.
2025-07-29 11:49:52,950 - INFO - [DEBUG] Nessun aggiornamento necessario in questo ciclo.
2025-07-29 11:50:23,000 - INFO - [DEBUG] Nessun aggiornamento necessario in questo ciclo.
2025-07-29 11:50:53,061 - INFO - [DEBUG] Nessun aggiornamento necessario in questo ciclo.
2025-07-29 11:51:23,121 - INFO - [DEBUG] Nessun aggiornamento necessario in questo ciclo.
2025-07-29 11:51:53,183 - INFO - [DEBUG] Nessun aggiornamento necessario in questo ciclo.
2025-07-29 11:52:23,248 - INFO - [DEBUG] Nessun aggiornamento necessario in questo ciclo.
2025-07-29 11:52:53,293 - INFO - [DEBUG] Nessun aggiornamento necessario in questo ciclo.
2025-07-29 11:53:23,363 - INFO - [DEBUG] Nessun aggiornamento necessario in questo ciclo.
2025-07-29 11:53:53,418 - INFO - [DEBUG] Nessun aggiornamento necessario in questo ciclo.
2025-07-29 11:54:23,476 - INFO - [DEBUG] Nessun aggiornamento necessario in questo ciclo.
2025-07-29 11:54:53,540 - INFO - [DEBUG] Nessun aggiornamento necessario in questo ciclo.
2025-07-29 11:55:23,604 - INFO - [DEBUG] Nessun aggiornamento necessario in questo ciclo.
2025-07-29 11:55:53,663 - INFO - [DEBUG] Nessun aggiornamento necessario in questo ciclo.
2025-07-29 11:56:23,726 - INFO - [DEBUG] Nessun aggiornamento necessario in questo ciclo.
2025-07-29 11:56:53,784 - INFO - [DEBUG] Nessun aggiornamento necessario in questo ciclo.
2025-07-29 11:57:23,835 - INFO - [DEBUG] Nessun aggiornamento necessario in questo ciclo.
2025-07-29 11:57:53,895 - INFO - [DEBUG] Nessun aggiornamento necessario in questo ciclo.
2025-07-29 11:58:23,959 - INFO - [DEBUG] Nessun aggiornamento necessario in questo ciclo.
2025-07-29 11:58:54,022 - INFO - [DEBUG] Nessun aggiornamento necessario in questo ciclo.
2025-07-29 11:59:24,085 - INFO - [DEBUG] Nessun aggiornamento necessario in questo ciclo.
2025-07-29 11:59:54,151 - INFO - [DEBUG] Nessun aggiornamento necessario in questo ciclo.
2025-07-29 12:00:24,212 - INFO - [DEBUG] Nessun aggiornamento necessario in questo ciclo.
2025-07-29 12:00:54,276 - INFO - [DEBUG] Nessun aggiornamento necessario in questo ciclo.
2025-07-29 12:01:24,341 - INFO - [DEBUG] Nessun aggiornamento necessario in questo ciclo.
2025-07-29 12:01:54,404 - INFO - [DEBUG] Nessun aggiornamento necessario in questo ciclo.
2025-07-29 12:02:24,468 - INFO - [DEBUG] Nessun aggiornamento necessario in questo ciclo.
2025-07-29 12:02:54,515 - INFO - [DEBUG] Nessun aggiornamento necessario in questo ciclo.
2025-07-29 12:03:24,580 - INFO - [DEBUG] Nessun aggiornamento necessario in questo ciclo.
2025-07-29 12:03:54,644 - INFO - [DEBUG] Nessun aggiornamento necessario in questo ciclo.
2025-07-29 12:04:24,708 - INFO - [DEBUG] Nessun aggiornamento necessario in questo ciclo.
2025-07-29 12:04:54,770 - INFO - [DEBUG] Nessun aggiornamento necessario in questo ciclo.
2025-07-29 12:05:24,837 - INFO - [DEBUG] Nessun aggiornamento necessario in questo ciclo.
2025-07-29 12:05:54,898 - INFO - [DEBUG] Nessun aggiornamento necessario in questo ciclo.
2025-07-29 12:06:24,962 - INFO - [DEBUG] Nessun aggiornamento necessario in questo ciclo.
2025-07-29 12:06:55,025 - INFO - [DEBUG] Nessun aggiornamento necessario in questo ciclo.
2025-07-29 12:07:25,087 - INFO - [DEBUG] Nessun aggiornamento necessario in questo ciclo.
2025-07-29 12:07:55,150 - INFO - [DEBUG] Nessun aggiornamento necessario in questo ciclo.
2025-07-29 12:08:25,216 - INFO - [DEBUG] Nessun aggiornamento necessario in questo ciclo.
2025-07-29 12:08:55,280 - INFO - [DEBUG] Nessun aggiornamento necessario in questo ciclo.
2025-07-29 12:09:25,330 - INFO - [DEBUG] Nessun aggiornamento necessario in questo ciclo.
2025-07-29 12:09:55,393 - INFO - [DEBUG] Nessun aggiornamento necessario in questo ciclo.
2025-07-29 12:10:25,455 - INFO - [DEBUG] Nessun aggiornamento necessario in questo ciclo.
2025-07-29 12:10:55,519 - INFO - [DEBUG] Nessun aggiornamento necessario in questo ciclo.
2025-07-29 12:11:25,571 - INFO - [DEBUG] Nessun aggiornamento necessario in questo ciclo.
2025-07-29 12:11:55,629 - INFO - [DEBUG] Nessun aggiornamento necessario in questo ciclo.
2025-07-29 12:12:25,692 - INFO - [DEBUG] Nessun aggiornamento necessario in questo ciclo.
2025-07-29 12:12:55,754 - INFO - [DEBUG] Nessun aggiornamento necessario in questo ciclo.
2025-07-29 12:13:25,817 - INFO - [DEBUG] Nessun aggiornamento necessario in questo ciclo.
2025-07-29 12:13:55,874 - INFO - [DEBUG] Nessun aggiornamento necessario in questo ciclo.
2025-07-29 12:14:25,936 - INFO - [DEBUG] Nessun aggiornamento necessario in questo ciclo.
2025-07-29 12:14:56,001 - INFO - [DEBUG] Nessun aggiornamento necessario in questo ciclo.
2025-07-29 12:15:26,037 - INFO - [DEBUG] Nessun aggiornamento necessario in questo ciclo.
2025-07-29 12:15:56,081 - INFO - [DEBUG] Nessun aggiornamento necessario in questo ciclo.
2025-07-29 12:16:26,145 - INFO - [DEBUG] Nessun aggiornamento necessario in questo ciclo.
2025-07-29 12:16:56,207 - INFO - [DEBUG] Nessun aggiornamento necessario in questo ciclo.
2025-07-29 12:17:26,269 - INFO - [DEBUG] Nessun aggiornamento necessario in questo ciclo.
2025-07-29 12:17:56,332 - INFO - [DEBUG] Nessun aggiornamento necessario in questo ciclo.
2025-07-29 12:18:26,398 - INFO - [DEBUG] Nessun aggiornamento necessario in questo ciclo.
2025-07-29 12:18:56,460 - INFO - [DEBUG] Nessun aggiornamento necessario in questo ciclo.
2025-07-29 12:19:26,522 - INFO - [DEBUG] Nessun aggiornamento necessario in questo ciclo.
2025-07-29 12:19:56,583 - INFO - [DEBUG] Nessun aggiornamento necessario in questo ciclo.
2025-07-29 12:20:26,645 - INFO - [DEBUG] Nessun aggiornamento necessario in questo ciclo.
2025-07-29 12:20:56,708 - INFO - [DEBUG] Nessun aggiornamento necessario in questo ciclo.
2025-07-29 12:21:26,750 - INFO - [DEBUG] Nessun aggiornamento necessario in questo ciclo.
2025-07-29 12:21:56,812 - INFO - [DEBUG] Nessun aggiornamento necessario in questo ciclo.
2025-07-29 12:22:26,873 - INFO - [DEBUG] Nessun aggiornamento necessario in questo ciclo.
2025-07-29 12:22:56,936 - INFO - [DEBUG] Nessun aggiornamento necessario in questo ciclo.
2025-07-29 12:23:26,987 - INFO - [DEBUG] Nessun aggiornamento necessario in questo ciclo.
2025-07-29 12:23:57,050 - INFO - [DEBUG] Nessun aggiornamento necessario in questo ciclo.
2025-07-29 12:24:27,109 - INFO - [DEBUG] Nessun aggiornamento necessario in questo ciclo.
2025-07-29 12:24:57,172 - INFO - [DEBUG] Nessun aggiornamento necessario in questo ciclo.
2025-07-29 12:25:27,226 - INFO - [DEBUG] Nessun aggiornamento necessario in questo ciclo.
2025-07-29 12:25:57,288 - INFO - [DEBUG] Nessun aggiornamento necessario in questo ciclo.
2025-07-29 12:26:27,359 - INFO - [DEBUG] Nessun aggiornamento necessario in questo ciclo.
2025-07-29 12:26:57,418 - INFO - [DEBUG] Nessun aggiornamento necessario in questo ciclo.
2025-07-29 12:27:27,483 - INFO - [DEBUG] Nessun aggiornamento necessario in questo ciclo.
2025-07-29 12:27:57,541 - INFO - [DEBUG] Nessun aggiornamento necessario in questo ciclo.
2025-07-29 12:28:27,604 - INFO - [DEBUG] Nessun aggiornamento necessario in questo ciclo.
2025-07-29 12:28:57,668 - INFO - [DEBUG] Nessun aggiornamento necessario in questo ciclo.
2025-07-29 12:29:27,724 - INFO - [DEBUG] Nessun aggiornamento necessario in questo ciclo.
2025-07-29 12:29:57,759 - INFO - [DEBUG] Nessun aggiornamento necessario in questo ciclo.
2025-07-29 12:30:27,821 - INFO - [DEBUG] Nessun aggiornamento necessario in questo ciclo.
2025-07-29 12:30:57,858 - INFO - [DEBUG] Nessun aggiornamento necessario in questo ciclo.
2025-07-29 12:31:27,925 - INFO - [DEBUG] Nessun aggiornamento necessario in questo ciclo.
2025-07-29 12:31:57,985 - INFO - [DEBUG] Nessun aggiornamento necessario in questo ciclo.
2025-07-29 12:32:28,049 - INFO - [DEBUG] Nessun aggiornamento necessario in questo ciclo.
2025-07-29 12:32:58,105 - INFO - [DEBUG] Nessun aggiornamento necessario in questo ciclo.
2025-07-29 12:33:28,170 - INFO - [DEBUG] Nessun aggiornamento necessario in questo ciclo.
2025-07-29 12:33:58,232 - INFO - [DEBUG] Nessun aggiornamento necessario in questo ciclo.
2025-07-29 12:34:28,270 - INFO - [DEBUG] Nessun aggiornamento necessario in questo ciclo.
2025-07-29 12:34:58,318 - INFO - [DEBUG] Nessun aggiornamento necessario in questo ciclo.
2025-07-29 12:35:28,382 - INFO - [DEBUG] Nessun aggiornamento necessario in questo ciclo.
2025-07-29 12:35:58,444 - INFO - [DEBUG] Nessun aggiornamento necessario in questo ciclo.
2025-07-29 12:36:28,507 - INFO - [DEBUG] Nessun aggiornamento necessario in questo ciclo.
2025-07-29 12:36:58,570 - INFO - [DEBUG] Nessun aggiornamento necessario in questo ciclo.
2025-07-29 12:37:28,633 - INFO - [DEBUG] Nessun aggiornamento necessario in questo ciclo.
2025-07-29 12:37:58,694 - INFO - [DEBUG] Nessun aggiornamento necessario in questo ciclo.
2025-07-29 12:38:28,758 - INFO - [DEBUG] Nessun aggiornamento necessario in questo ciclo.
2025-07-29 12:38:58,834 - INFO - [DEBUG] Nessun aggiornamento necessario in questo ciclo.
2025-07-29 12:39:28,897 - INFO - [DEBUG] Nessun aggiornamento necessario in questo ciclo.
2025-07-29 12:39:58,959 - INFO - [DEBUG] Nessun aggiornamento necessario in questo ciclo.
2025-07-29 12:40:28,998 - INFO - [DEBUG] Nessun aggiornamento necessario in questo ciclo.
2025-07-29 12:40:59,070 - INFO - [DEBUG] Nessun aggiornamento necessario in questo ciclo.
2025-07-29 12:41:29,136 - INFO - [DEBUG] Nessun aggiornamento necessario in questo ciclo.
2025-07-29 12:41:59,174 - INFO - [DEBUG] Nessun aggiornamento necessario in questo ciclo.
2025-07-29 12:42:29,237 - INFO - [DEBUG] Nessun aggiornamento necessario in questo ciclo.
2025-07-29 12:42:59,285 - INFO - [DEBUG] Nessun aggiornamento necessario in questo ciclo.
2025-07-29 12:43:29,341 - INFO - [DEBUG] Nessun aggiornamento necessario in questo ciclo.
2025-07-29 12:43:59,403 - INFO - [DEBUG] Nessun aggiornamento necessario in questo ciclo.
2025-07-29 12:44:29,459 - INFO - [DEBUG] Nessun aggiornamento necessario in questo ciclo.
2025-07-29 12:44:59,522 - INFO - [DEBUG] Nessun aggiornamento necessario in questo ciclo.
2025-07-29 12:45:29,584 - INFO - [DEBUG] Nessun aggiornamento necessario in questo ciclo.
2025-07-29 12:45:59,648 - INFO - [DEBUG] Nessun aggiornamento necessario in questo ciclo.
2025-07-29 12:46:29,706 - INFO - [DEBUG] Nessun aggiornamento necessario in questo ciclo.
2025-07-29 12:46:59,769 - INFO - [DEBUG] Nessun aggiornamento necessario in questo ciclo.
2025-07-29 12:47:29,834 - INFO - [DEBUG] Nessun aggiornamento necessario in questo ciclo.
2025-07-29 12:47:59,895 - INFO - [DEBUG] Nessun aggiornamento necessario in questo ciclo.
2025-07-29 12:48:29,958 - INFO - [DEBUG] Nessun aggiornamento necessario in questo ciclo.
2025-07-29 12:49:00,021 - INFO - [DEBUG] Nessun aggiornamento necessario in questo ciclo.
2025-07-29 12:49:30,084 - INFO - [DEBUG] Nessun aggiornamento necessario in questo ciclo.
2025-07-29 12:50:00,141 - INFO - [DEBUG] Nessun aggiornamento necessario in questo ciclo.
2025-07-29 12:50:30,203 - INFO - [DEBUG] Nessun aggiornamento necessario in questo ciclo.
2025-07-29 12:51:00,278 - INFO - [DEBUG] Nessun aggiornamento necessario in questo ciclo.
2025-07-29 12:51:30,343 - INFO - [DEBUG] Nessun aggiornamento necessario in questo ciclo.
2025-07-29 12:52:00,408 - INFO - [DEBUG] Nessun aggiornamento necessario in questo ciclo.
2025-07-29 12:52:30,467 - INFO - [DEBUG] Nessun aggiornamento necessario in questo ciclo.
2025-07-29 12:53:00,522 - INFO - [DEBUG] Nessun aggiornamento necessario in questo ciclo.
2025-07-29 12:53:30,594 - INFO - [DEBUG] Nessun aggiornamento necessario in questo ciclo.
2025-07-29 12:54:00,659 - INFO - [DEBUG] Nessun aggiornamento necessario in questo ciclo.
2025-07-29 12:54:30,721 - INFO - [DEBUG] Nessun aggiornamento necessario in questo ciclo.
2025-07-29 12:55:00,778 - INFO - [DEBUG] Nessun aggiornamento necessario in questo ciclo.
2025-07-29 12:55:30,839 - INFO - [DEBUG] Nessun aggiornamento necessario in questo ciclo.
2025-07-29 12:56:00,894 - INFO - [DEBUG] Nessun aggiornamento necessario in questo ciclo.
2025-07-29 12:56:30,956 - INFO - [DEBUG] Nessun aggiornamento necessario in questo ciclo.
2025-07-29 12:57:01,020 - INFO - [DEBUG] Nessun aggiornamento necessario in questo ciclo.
2025-07-29 12:57:31,082 - INFO - [DEBUG] Nessun aggiornamento necessario in questo ciclo.
2025-07-29 12:58:01,143 - INFO - [DEBUG] Nessun aggiornamento necessario in questo ciclo.
2025-07-29 12:58:31,201 - INFO - [DEBUG] Nessun aggiornamento necessario in questo ciclo.
2025-07-29 12:59:01,261 - INFO - [DEBUG] Nessun aggiornamento necessario in questo ciclo.
2025-07-29 12:59:31,323 - INFO - [DEBUG] Nessun aggiornamento necessario in questo ciclo.
2025-07-29 13:00:01,387 - INFO - [DEBUG] Nessun aggiornamento necessario in questo ciclo.
2025-07-29 13:00:31,449 - INFO - [DEBUG] Nessun aggiornamento necessario in questo ciclo.
2025-07-29 13:01:01,511 - INFO - [DEBUG] Nessun aggiornamento necessario in questo ciclo.
2025-07-29 13:01:31,575 - INFO - [DEBUG] Nessun aggiornamento necessario in questo ciclo.
2025-07-29 13:02:01,638 - INFO - [DEBUG] Nessun aggiornamento necessario in questo ciclo.
2025-07-29 13:02:31,702 - INFO - [DEBUG] Nessun aggiornamento necessario in questo ciclo.
2025-07-29 13:03:01,765 - INFO - [DEBUG] Nessun aggiornamento necessario in questo ciclo.
2025-07-29 13:03:31,829 - INFO - [DEBUG] Nessun aggiornamento necessario in questo ciclo.
2025-07-29 13:04:01,892 - INFO - [DEBUG] Nessun aggiornamento necessario in questo ciclo.
2025-07-29 13:04:31,954 - INFO - [DEBUG] Nessun aggiornamento necessario in questo ciclo.
2025-07-29 13:05:02,026 - INFO - [DEBUG] Nessun aggiornamento necessario in questo ciclo.
2025-07-29 13:05:32,081 - INFO - [DEBUG] Nessun aggiornamento necessario in questo ciclo.
2025-07-29 13:06:02,142 - INFO - [DEBUG] Nessun aggiornamento necessario in questo ciclo.
2025-07-29 13:06:32,206 - INFO - [DEBUG] Nessun aggiornamento necessario in questo ciclo.
2025-07-29 13:07:02,271 - INFO - [DEBUG] Nessun aggiornamento necessario in questo ciclo.
2025-07-29 13:07:32,335 - INFO - [DEBUG] Nessun aggiornamento necessario in questo ciclo.
2025-07-29 13:08:02,397 - INFO - [DEBUG] Nessun aggiornamento necessario in questo ciclo.
2025-07-29 13:08:32,459 - INFO - [DEBUG] Nessun aggiornamento necessario in questo ciclo.
2025-07-29 13:09:02,535 - INFO - [DEBUG] Nessun aggiornamento necessario in questo ciclo.
2025-07-29 13:09:32,596 - INFO - [DEBUG] Nessun aggiornamento necessario in questo ciclo.
2025-07-29 13:10:02,638 - INFO - [DEBUG] Nessun aggiornamento necessario in questo ciclo.
2025-07-29 13:10:32,703 - INFO - [DEBUG] Nessun aggiornamento necessario in questo ciclo.
2025-07-29 13:11:02,745 - INFO - [DEBUG] Nessun aggiornamento necessario in questo ciclo.
2025-07-29 13:11:32,808 - INFO - [DEBUG] Nessun aggiornamento necessario in questo ciclo.
2025-07-29 13:12:02,871 - INFO - [DEBUG] Nessun aggiornamento necessario in questo ciclo.
2025-07-29 13:12:32,926 - INFO - [DEBUG] Nessun aggiornamento necessario in questo ciclo.
2025-07-29 13:13:02,988 - INFO - [DEBUG] Nessun aggiornamento necessario in questo ciclo.
2025-07-29 13:13:33,054 - INFO - [DEBUG] Nessun aggiornamento necessario in questo ciclo.
2025-07-29 13:16:03,370 - INFO - [DEBUG] Nessun aggiornamento necessario in questo ciclo.
2025-07-29 13:16:33,428 - INFO - [DEBUG] Nessun aggiornamento necessario in questo ciclo.
2025-07-29 13:17:03,491 - INFO - [DEBUG] Nessun aggiornamento necessario in questo ciclo.
2025-07-29 13:17:33,557 - INFO - [DEBUG] Nessun aggiornamento necessario in questo ciclo.
2025-07-29 13:18:03,620 - INFO - [DEBUG] Nessun aggiornamento necessario in questo ciclo.
2025-07-29 13:18:33,677 - INFO - [DEBUG] Nessun aggiornamento necessario in questo ciclo.
2025-07-29 13:19:03,740 - INFO - [DEBUG] Nessun aggiornamento necessario in questo ciclo.
2025-07-29 13:19:33,806 - INFO - [DEBUG] Nessun aggiornamento necessario in questo ciclo.
2025-07-29 13:20:03,868 - INFO - [DEBUG] Nessun aggiornamento necessario in questo ciclo.
2025-07-29 13:20:33,933 - INFO - [DEBUG] Nessun aggiornamento necessario in questo ciclo.
2025-07-29 13:21:03,997 - INFO - [DEBUG] Nessun aggiornamento necessario in questo ciclo.
2025-07-29 13:21:34,059 - INFO - [DEBUG] Nessun aggiornamento necessario in questo ciclo.
2025-07-29 13:22:04,120 - INFO - [DEBUG] Nessun aggiornamento necessario in questo ciclo.
2025-07-29 13:22:34,182 - INFO - [DEBUG] Nessun aggiornamento necessario in questo ciclo.
2025-07-29 13:23:04,244 - INFO - [DEBUG] Nessun aggiornamento necessario in questo ciclo.
2025-07-29 13:23:34,306 - INFO - [DEBUG] Nessun aggiornamento necessario in questo ciclo.
2025-07-29 13:24:04,368 - INFO - [DEBUG] Nessun aggiornamento necessario in questo ciclo.
2025-07-29 13:24:34,429 - INFO - [DEBUG] Nessun aggiornamento necessario in questo ciclo.
2025-07-29 13:25:04,494 - INFO - [DEBUG] Nessun aggiornamento necessario in questo ciclo.
2025-07-29 13:25:34,559 - INFO - [DEBUG] Nessun aggiornamento necessario in questo ciclo.
2025-07-29 13:26:04,612 - INFO - [DEBUG] Nessun aggiornamento necessario in questo ciclo.
2025-07-29 13:26:34,675 - INFO - [DEBUG] Nessun aggiornamento necessario in questo ciclo.
2025-07-29 13:27:04,739 - INFO - [DEBUG] Nessun aggiornamento necessario in questo ciclo.
2025-07-29 13:27:34,805 - INFO - [DEBUG] Nessun aggiornamento necessario in questo ciclo.
2025-07-29 13:28:04,851 - INFO - [DEBUG] Nessun aggiornamento necessario in questo ciclo.
2025-07-29 13:28:34,884 - INFO - [DEBUG] Nessun aggiornamento necessario in questo ciclo.
2025-07-29 13:29:04,941 - INFO - [DEBUG] Nessun aggiornamento necessario in questo ciclo.
2025-07-29 13:29:35,003 - INFO - [DEBUG] Nessun aggiornamento necessario in questo ciclo.
2025-07-29 13:30:05,068 - INFO - [DEBUG] Nessun aggiornamento necessario in questo ciclo.
2025-07-29 13:30:35,129 - INFO - [DEBUG] Nessun aggiornamento necessario in questo ciclo.
2025-07-29 13:31:05,191 - INFO - [DEBUG] Nessun aggiornamento necessario in questo ciclo.
2025-07-29 13:31:35,239 - INFO - [DEBUG] Nessun aggiornamento necessario in questo ciclo.
2025-07-29 13:32:05,303 - INFO - [DEBUG] Nessun aggiornamento necessario in questo ciclo.
2025-07-29 13:32:35,350 - INFO - [DEBUG] Nessun aggiornamento necessario in questo ciclo.
2025-07-29 13:33:05,409 - INFO - [DEBUG] Nessun aggiornamento necessario in questo ciclo.
2025-07-29 13:33:35,471 - INFO - [DEBUG] Nessun aggiornamento necessario in questo ciclo.
2025-07-29 13:34:05,537 - INFO - [DEBUG] Nessun aggiornamento necessario in questo ciclo.
2025-07-29 13:34:35,600 - INFO - [DEBUG] Nessun aggiornamento necessario in questo ciclo.
2025-07-29 13:35:05,666 - INFO - [DEBUG] Nessun aggiornamento necessario in questo ciclo.
2025-07-29 13:35:35,721 - INFO - [DEBUG] Nessun aggiornamento necessario in questo ciclo.
2025-07-29 13:36:05,782 - INFO - [DEBUG] Nessun aggiornamento necessario in questo ciclo.
2025-07-29 13:36:35,839 - INFO - [DEBUG] Nessun aggiornamento necessario in questo ciclo.
2025-07-29 13:37:05,903 - INFO - [DEBUG] Nessun aggiornamento necessario in questo ciclo.
2025-07-29 13:37:35,965 - INFO - [DEBUG] Nessun aggiornamento necessario in questo ciclo.
2025-07-29 13:38:06,032 - INFO - [DEBUG] Nessun aggiornamento necessario in questo ciclo.
2025-07-29 13:38:36,093 - INFO - [DEBUG] Nessun aggiornamento necessario in questo ciclo.
2025-07-29 13:39:06,158 - INFO - [DEBUG] Nessun aggiornamento necessario in questo ciclo.
2025-07-29 13:39:36,223 - INFO - [DEBUG] Nessun aggiornamento necessario in questo ciclo.
2025-07-29 13:40:06,284 - INFO - [DEBUG] Nessun aggiornamento necessario in questo ciclo.
2025-07-29 13:40:36,347 - INFO - [DEBUG] Nessun aggiornamento necessario in questo ciclo.
2025-07-29 13:41:06,411 - INFO - [DEBUG] Nessun aggiornamento necessario in questo ciclo.
2025-07-29 13:41:36,452 - INFO - [DEBUG] Nessun aggiornamento necessario in questo ciclo.
2025-07-29 13:42:06,530 - INFO - [DEBUG] Nessun aggiornamento necessario in questo ciclo.
2025-07-29 13:42:36,594 - INFO - [DEBUG] Nessun aggiornamento necessario in questo ciclo.
2025-07-29 13:43:06,634 - INFO - [DEBUG] Nessun aggiornamento necessario in questo ciclo.
2025-07-29 13:43:36,672 - INFO - [DEBUG] Nessun aggiornamento necessario in questo ciclo.
2025-07-29 13:44:06,730 - INFO - [DEBUG] Nessun aggiornamento necessario in questo ciclo.
2025-07-29 13:44:36,792 - INFO - [DEBUG] Nessun aggiornamento necessario in questo ciclo.
2025-07-29 13:45:06,855 - INFO - [DEBUG] Nessun aggiornamento necessario in questo ciclo.
2025-07-29 13:45:36,918 - INFO - [DEBUG] Nessun aggiornamento necessario in questo ciclo.
2025-07-29 13:46:06,967 - INFO - [DEBUG] Nessun aggiornamento necessario in questo ciclo.
2025-07-29 13:46:37,023 - INFO - [DEBUG] Nessun aggiornamento necessario in questo ciclo.
2025-07-29 20:13:53,469 - INFO - 🚀 Avvio aggiornamento continuo dashboard (intervallo: 30s)
2025-07-29 20:13:53,970 - INFO - [DEBUG] Nessun aggiornamento necessario in questo ciclo.
2025-07-29 20:14:24,008 - INFO - [DEBUG] Nessun aggiornamento necessario in questo ciclo.
2025-07-29 20:14:54,044 - INFO - [DEBUG] Nessun aggiornamento necessario in questo ciclo.
2025-07-29 20:15:24,075 - INFO - [DEBUG] Nessun aggiornamento necessario in questo ciclo.
2025-07-29 20:15:54,107 - INFO - [DEBUG] Nessun aggiornamento necessario in questo ciclo.
2025-07-29 20:16:24,169 - INFO - [DEBUG] Nessun aggiornamento necessario in questo ciclo.
2025-07-29 20:16:54,207 - INFO - [DEBUG] Nessun aggiornamento necessario in questo ciclo.
2025-07-29 20:17:24,238 - INFO - [DEBUG] Nessun aggiornamento necessario in questo ciclo.
2025-07-29 20:17:54,272 - INFO - [DEBUG] Nessun aggiornamento necessario in questo ciclo.
2025-07-29 20:18:24,310 - INFO - [DEBUG] Nessun aggiornamento necessario in questo ciclo.
2025-07-29 20:18:54,347 - INFO - [DEBUG] Nessun aggiornamento necessario in questo ciclo.
2025-07-29 20:19:24,382 - INFO - [DEBUG] Nessun aggiornamento necessario in questo ciclo.
2025-07-29 20:19:54,417 - INFO - [DEBUG] Nessun aggiornamento necessario in questo ciclo.
2025-07-29 20:20:24,450 - INFO - [DEBUG] Nessun aggiornamento necessario in questo ciclo.
2025-07-29 20:20:54,481 - INFO - [DEBUG] Nessun aggiornamento necessario in questo ciclo.
2025-07-29 20:21:24,519 - INFO - [DEBUG] Nessun aggiornamento necessario in questo ciclo.
2025-07-29 20:21:54,556 - INFO - [DEBUG] Nessun aggiornamento necessario in questo ciclo.
2025-07-29 20:22:24,593 - INFO - [DEBUG] Nessun aggiornamento necessario in questo ciclo.
2025-07-29 20:22:54,629 - INFO - [DEBUG] Nessun aggiornamento necessario in questo ciclo.
2025-07-29 20:23:24,663 - INFO - [DEBUG] Nessun aggiornamento necessario in questo ciclo.
2025-07-29 20:23:54,697 - INFO - [DEBUG] Nessun aggiornamento necessario in questo ciclo.
2025-07-29 20:24:24,731 - INFO - [DEBUG] Nessun aggiornamento necessario in questo ciclo.
2025-07-29 20:24:54,787 - INFO - [DEBUG] Nessun aggiornamento necessario in questo ciclo.
2025-07-29 20:25:24,822 - INFO - [DEBUG] Nessun aggiornamento necessario in questo ciclo.
2025-07-29 20:25:54,855 - INFO - [DEBUG] Nessun aggiornamento necessario in questo ciclo.
2025-07-29 20:26:24,889 - INFO - [DEBUG] Nessun aggiornamento necessario in questo ciclo.
2025-07-29 20:26:54,922 - INFO - [DEBUG] Nessun aggiornamento necessario in questo ciclo.
2025-07-29 20:27:24,954 - INFO - [DEBUG] Nessun aggiornamento necessario in questo ciclo.
2025-07-29 20:27:54,988 - INFO - [DEBUG] Nessun aggiornamento necessario in questo ciclo.
2025-07-29 20:28:25,022 - INFO - [DEBUG] Nessun aggiornamento necessario in questo ciclo.
2025-07-29 20:28:55,056 - INFO - [DEBUG] Nessun aggiornamento necessario in questo ciclo.
2025-07-29 20:29:25,090 - INFO - [DEBUG] Nessun aggiornamento necessario in questo ciclo.
2025-07-29 20:29:55,139 - INFO - [DEBUG] Nessun aggiornamento necessario in questo ciclo.
2025-07-29 20:30:25,174 - INFO - [DEBUG] Nessun aggiornamento necessario in questo ciclo.
2025-07-29 20:30:55,205 - INFO - [DEBUG] Nessun aggiornamento necessario in questo ciclo.
2025-07-29 20:31:25,239 - INFO - [DEBUG] Nessun aggiornamento necessario in questo ciclo.
2025-07-29 20:31:55,269 - INFO - [DEBUG] Nessun aggiornamento necessario in questo ciclo.
2025-07-29 20:32:25,301 - INFO - [DEBUG] Nessun aggiornamento necessario in questo ciclo.
2025-07-29 20:32:55,337 - INFO - [DEBUG] Nessun aggiornamento necessario in questo ciclo.
2025-07-29 20:33:25,370 - INFO - [DEBUG] Nessun aggiornamento necessario in questo ciclo.
2025-07-29 20:33:55,416 - INFO - [DEBUG] Nessun aggiornamento necessario in questo ciclo.
2025-07-29 20:34:25,447 - INFO - [DEBUG] Nessun aggiornamento necessario in questo ciclo.
2025-07-29 20:34:55,483 - INFO - [DEBUG] Nessun aggiornamento necessario in questo ciclo.
2025-07-29 20:35:25,513 - INFO - [DEBUG] Nessun aggiornamento necessario in questo ciclo.
2025-07-29 20:35:55,544 - INFO - [DEBUG] Nessun aggiornamento necessario in questo ciclo.
2025-07-29 20:36:25,577 - INFO - [DEBUG] Nessun aggiornamento necessario in questo ciclo.
2025-07-29 20:36:55,616 - INFO - [DEBUG] Nessun aggiornamento necessario in questo ciclo.
2025-07-29 20:37:25,650 - INFO - [DEBUG] Nessun aggiornamento necessario in questo ciclo.
2025-07-29 20:37:55,682 - INFO - [DEBUG] Nessun aggiornamento necessario in questo ciclo.
2025-07-29 20:38:25,720 - INFO - [DEBUG] Nessun aggiornamento necessario in questo ciclo.
2025-07-29 20:38:55,751 - INFO - [DEBUG] Nessun aggiornamento necessario in questo ciclo.
2025-07-29 20:39:25,784 - INFO - [DEBUG] Nessun aggiornamento necessario in questo ciclo.
2025-07-29 20:39:55,814 - INFO - [DEBUG] Nessun aggiornamento necessario in questo ciclo.
2025-07-29 20:40:25,854 - INFO - [DEBUG] Nessun aggiornamento necessario in questo ciclo.
2025-07-29 20:40:55,893 - INFO - [DEBUG] Nessun aggiornamento necessario in questo ciclo.
2025-07-29 20:41:26,016 - INFO - [DEBUG] Nessun aggiornamento necessario in questo ciclo.
2025-07-29 20:41:56,053 - INFO - [DEBUG] Nessun aggiornamento necessario in questo ciclo.
2025-07-29 20:42:26,095 - INFO - [DEBUG] Nessun aggiornamento necessario in questo ciclo.
2025-07-29 20:42:56,133 - INFO - [DEBUG] Nessun aggiornamento necessario in questo ciclo.
2025-07-29 20:43:26,166 - INFO - [DEBUG] Nessun aggiornamento necessario in questo ciclo.
2025-07-29 20:43:56,208 - INFO - [DEBUG] Nessun aggiornamento necessario in questo ciclo.
2025-07-29 20:44:26,247 - INFO - [DEBUG] Nessun aggiornamento necessario in questo ciclo.
2025-07-29 20:44:56,281 - INFO - [DEBUG] Nessun aggiornamento necessario in questo ciclo.
2025-07-29 20:45:26,321 - INFO - [DEBUG] Nessun aggiornamento necessario in questo ciclo.
2025-07-29 20:45:56,357 - INFO - [DEBUG] Nessun aggiornamento necessario in questo ciclo.
2025-07-29 20:46:26,390 - INFO - [DEBUG] Nessun aggiornamento necessario in questo ciclo.
2025-07-29 20:46:56,422 - INFO - [DEBUG] Nessun aggiornamento necessario in questo ciclo.
2025-07-29 20:47:26,459 - INFO - [DEBUG] Nessun aggiornamento necessario in questo ciclo.
2025-07-29 20:47:56,490 - INFO - [DEBUG] Nessun aggiornamento necessario in questo ciclo.
2025-07-29 20:48:26,522 - INFO - [DEBUG] Nessun aggiornamento necessario in questo ciclo.
2025-07-29 20:48:56,555 - INFO - [DEBUG] Nessun aggiornamento necessario in questo ciclo.
2025-07-29 20:49:26,589 - INFO - [DEBUG] Nessun aggiornamento necessario in questo ciclo.
2025-07-29 20:49:56,624 - INFO - [DEBUG] Nessun aggiornamento necessario in questo ciclo.
2025-07-29 20:50:26,658 - INFO - [DEBUG] Nessun aggiornamento necessario in questo ciclo.
2025-07-29 20:50:56,697 - INFO - [DEBUG] Nessun aggiornamento necessario in questo ciclo.
2025-07-29 20:51:26,740 - INFO - [DEBUG] Nessun aggiornamento necessario in questo ciclo.
2025-07-29 20:51:56,771 - INFO - [DEBUG] Nessun aggiornamento necessario in questo ciclo.
2025-07-29 20:52:26,807 - INFO - [DEBUG] Nessun aggiornamento necessario in questo ciclo.
2025-07-29 20:52:56,837 - INFO - [DEBUG] Nessun aggiornamento necessario in questo ciclo.
2025-07-29 20:53:26,872 - INFO - [DEBUG] Nessun aggiornamento necessario in questo ciclo.
2025-07-29 20:53:56,908 - INFO - [DEBUG] Nessun aggiornamento necessario in questo ciclo.
2025-07-29 20:54:26,973 - INFO - [DEBUG] Nessun aggiornamento necessario in questo ciclo.
2025-07-29 20:54:57,020 - INFO - [DEBUG] Nessun aggiornamento necessario in questo ciclo.
2025-07-29 20:55:27,078 - INFO - [DEBUG] Nessun aggiornamento necessario in questo ciclo.
2025-07-29 20:55:57,158 - INFO - [DEBUG] Nessun aggiornamento necessario in questo ciclo.
2025-07-29 20:56:27,196 - INFO - [DEBUG] Nessun aggiornamento necessario in questo ciclo.
2025-07-29 20:56:57,264 - INFO - [DEBUG] Nessun aggiornamento necessario in questo ciclo.
2025-07-29 20:57:27,306 - INFO - [DEBUG] Nessun aggiornamento necessario in questo ciclo.
2025-07-29 20:57:57,377 - INFO - [DEBUG] Nessun aggiornamento necessario in questo ciclo.
2025-07-29 20:58:27,449 - INFO - [DEBUG] Nessun aggiornamento necessario in questo ciclo.
2025-07-29 20:58:57,503 - INFO - [DEBUG] Nessun aggiornamento necessario in questo ciclo.
2025-07-29 20:59:27,547 - INFO - [DEBUG] Nessun aggiornamento necessario in questo ciclo.
2025-07-29 20:59:57,600 - INFO - [DEBUG] Nessun aggiornamento necessario in questo ciclo.
2025-07-29 21:00:27,674 - INFO - [DEBUG] Nessun aggiornamento necessario in questo ciclo.
2025-07-29 21:00:57,743 - INFO - [DEBUG] Nessun aggiornamento necessario in questo ciclo.
2025-07-29 21:01:27,792 - INFO - [DEBUG] Nessun aggiornamento necessario in questo ciclo.
2025-07-29 21:01:57,926 - INFO - [DEBUG] Nessun aggiornamento necessario in questo ciclo.
2025-07-29 21:02:27,965 - INFO - [DEBUG] Nessun aggiornamento necessario in questo ciclo.
2025-07-29 21:02:58,032 - INFO - [DEBUG] Nessun aggiornamento necessario in questo ciclo.
2025-07-29 21:03:28,081 - INFO - [DEBUG] Nessun aggiornamento necessario in questo ciclo.
2025-07-29 21:03:58,140 - INFO - [DEBUG] Nessun aggiornamento necessario in questo ciclo.
2025-07-29 21:04:28,185 - INFO - [DEBUG] Nessun aggiornamento necessario in questo ciclo.
2025-07-29 21:04:58,241 - INFO - [DEBUG] Nessun aggiornamento necessario in questo ciclo.
2025-07-29 21:05:28,331 - INFO - [DEBUG] Nessun aggiornamento necessario in questo ciclo.
2025-07-29 21:05:58,524 - INFO - [DEBUG] Nessun aggiornamento necessario in questo ciclo.
2025-07-29 21:06:28,638 - INFO - [DEBUG] Nessun aggiornamento necessario in questo ciclo.
2025-07-29 21:06:58,924 - INFO - [DEBUG] Nessun aggiornamento necessario in questo ciclo.
2025-07-29 21:07:29,114 - INFO - [DEBUG] Nessun aggiornamento necessario in questo ciclo.
2025-07-29 21:07:59,164 - INFO - [DEBUG] Nessun aggiornamento necessario in questo ciclo.
2025-07-29 21:08:29,235 - INFO - [DEBUG] Nessun aggiornamento necessario in questo ciclo.
2025-07-29 21:08:59,281 - INFO - [DEBUG] Nessun aggiornamento necessario in questo ciclo.
2025-07-29 21:09:29,330 - INFO - [DEBUG] Nessun aggiornamento necessario in questo ciclo.
2025-07-29 21:09:59,379 - INFO - [DEBUG] Nessun aggiornamento necessario in questo ciclo.
2025-07-29 21:10:29,423 - INFO - [DEBUG] Nessun aggiornamento necessario in questo ciclo.
2025-07-29 21:10:59,748 - INFO - [DEBUG] Nessun aggiornamento necessario in questo ciclo.
2025-07-29 21:11:29,881 - INFO - [DEBUG] Nessun aggiornamento necessario in questo ciclo.
2025-07-29 21:11:59,966 - INFO - [DEBUG] Nessun aggiornamento necessario in questo ciclo.
2025-07-29 21:12:30,019 - INFO - [DEBUG] Nessun aggiornamento necessario in questo ciclo.
2025-07-29 21:13:00,074 - INFO - [DEBUG] Nessun aggiornamento necessario in questo ciclo.
2025-07-29 21:13:30,117 - INFO - [DEBUG] Nessun aggiornamento necessario in questo ciclo.
2025-07-29 21:14:00,307 - INFO - [DEBUG] Nessun aggiornamento necessario in questo ciclo.
2025-07-29 21:14:30,363 - INFO - [DEBUG] Nessun aggiornamento necessario in questo ciclo.
2025-07-29 21:15:00,406 - INFO - [DEBUG] Nessun aggiornamento necessario in questo ciclo.
2025-07-29 21:15:30,616 - INFO - [DEBUG] Nessun aggiornamento necessario in questo ciclo.
2025-07-29 21:16:00,767 - INFO - [DEBUG] Nessun aggiornamento necessario in questo ciclo.
2025-07-29 21:16:30,827 - INFO - [DEBUG] Nessun aggiornamento necessario in questo ciclo.
2025-07-29 21:17:00,884 - INFO - [DEBUG] Nessun aggiornamento necessario in questo ciclo.
2025-07-29 21:17:30,996 - INFO - [DEBUG] Nessun aggiornamento necessario in questo ciclo.
2025-07-29 21:18:01,057 - INFO - [DEBUG] Nessun aggiornamento necessario in questo ciclo.
2025-07-29 21:18:31,141 - INFO - [DEBUG] Nessun aggiornamento necessario in questo ciclo.
2025-07-29 21:19:01,241 - INFO - [DEBUG] Nessun aggiornamento necessario in questo ciclo.
2025-07-29 21:19:31,298 - INFO - [DEBUG] Nessun aggiornamento necessario in questo ciclo.
2025-07-29 21:20:01,439 - INFO - [DEBUG] Nessun aggiornamento necessario in questo ciclo.
2025-07-29 21:20:31,508 - INFO - [DEBUG] Nessun aggiornamento necessario in questo ciclo.
2025-07-29 21:21:01,657 - INFO - [DEBUG] Nessun aggiornamento necessario in questo ciclo.
2025-07-29 21:21:31,699 - INFO - [DEBUG] Nessun aggiornamento necessario in questo ciclo.
2025-07-29 21:22:01,779 - INFO - [DEBUG] Nessun aggiornamento necessario in questo ciclo.
2025-07-29 21:22:31,819 - INFO - [DEBUG] Nessun aggiornamento necessario in questo ciclo.
2025-07-29 21:23:01,906 - INFO - [DEBUG] Nessun aggiornamento necessario in questo ciclo.
2025-07-29 21:23:31,977 - INFO - [DEBUG] Nessun aggiornamento necessario in questo ciclo.
2025-07-29 21:24:02,052 - INFO - [DEBUG] Nessun aggiornamento necessario in questo ciclo.
2025-07-29 21:24:32,153 - INFO - [DEBUG] Nessun aggiornamento necessario in questo ciclo.
2025-07-29 21:25:02,206 - INFO - [DEBUG] Nessun aggiornamento necessario in questo ciclo.
2025-07-29 21:25:32,251 - INFO - [DEBUG] Nessun aggiornamento necessario in questo ciclo.
2025-07-29 21:26:02,317 - INFO - [DEBUG] Nessun aggiornamento necessario in questo ciclo.
2025-07-29 21:26:32,377 - INFO - [DEBUG] Nessun aggiornamento necessario in questo ciclo.
2025-07-29 21:27:02,466 - INFO - [DEBUG] Nessun aggiornamento necessario in questo ciclo.
2025-07-29 21:27:32,525 - INFO - [DEBUG] Nessun aggiornamento necessario in questo ciclo.
2025-07-29 21:28:02,569 - INFO - [DEBUG] Nessun aggiornamento necessario in questo ciclo.
2025-07-29 21:28:32,611 - INFO - [DEBUG] Nessun aggiornamento necessario in questo ciclo.
2025-07-29 21:29:02,675 - INFO - [DEBUG] Nessun aggiornamento necessario in questo ciclo.
2025-07-29 21:29:32,738 - INFO - [DEBUG] Nessun aggiornamento necessario in questo ciclo.
2025-07-29 21:30:02,930 - INFO - [DEBUG] Nessun aggiornamento necessario in questo ciclo.
2025-07-29 21:30:33,014 - INFO - [DEBUG] Nessun aggiornamento necessario in questo ciclo.
2025-07-29 21:31:03,090 - INFO - [DEBUG] Nessun aggiornamento necessario in questo ciclo.
2025-07-29 21:31:33,133 - INFO - [DEBUG] Nessun aggiornamento necessario in questo ciclo.
2025-07-29 21:32:03,202 - INFO - [DEBUG] Nessun aggiornamento necessario in questo ciclo.
2025-07-29 21:32:33,979 - INFO - [DEBUG] Nessun aggiornamento necessario in questo ciclo.
2025-07-29 21:33:04,040 - INFO - [DEBUG] Nessun aggiornamento necessario in questo ciclo.
2025-07-29 21:33:34,095 - INFO - [DEBUG] Nessun aggiornamento necessario in questo ciclo.
2025-07-29 21:34:04,150 - INFO - [DEBUG] Nessun aggiornamento necessario in questo ciclo.
2025-07-29 21:34:34,208 - INFO - [DEBUG] Nessun aggiornamento necessario in questo ciclo.
2025-07-29 21:35:04,285 - INFO - [DEBUG] Nessun aggiornamento necessario in questo ciclo.
2025-07-29 21:35:34,361 - INFO - [DEBUG] Nessun aggiornamento necessario in questo ciclo.
2025-07-29 21:36:04,418 - INFO - [DEBUG] Nessun aggiornamento necessario in questo ciclo.
2025-07-29 21:36:34,584 - INFO - [DEBUG] Nessun aggiornamento necessario in questo ciclo.
2025-07-29 21:37:04,720 - INFO - [DEBUG] Nessun aggiornamento necessario in questo ciclo.
2025-07-29 21:37:34,785 - INFO - [DEBUG] Nessun aggiornamento necessario in questo ciclo.
2025-07-29 21:38:04,832 - INFO - [DEBUG] Nessun aggiornamento necessario in questo ciclo.
2025-07-29 21:38:34,875 - INFO - [DEBUG] Nessun aggiornamento necessario in questo ciclo.
2025-07-29 21:39:04,921 - INFO - [DEBUG] Nessun aggiornamento necessario in questo ciclo.
2025-07-29 21:39:34,971 - INFO - [DEBUG] Nessun aggiornamento necessario in questo ciclo.
2025-07-29 21:40:05,032 - INFO - [DEBUG] Nessun aggiornamento necessario in questo ciclo.
2025-07-29 21:40:35,077 - INFO - [DEBUG] Nessun aggiornamento necessario in questo ciclo.
2025-07-29 21:41:05,125 - INFO - [DEBUG] Nessun aggiornamento necessario in questo ciclo.
2025-07-29 21:41:35,229 - INFO - [DEBUG] Nessun aggiornamento necessario in questo ciclo.
2025-07-29 21:42:05,286 - INFO - [DEBUG] Nessun aggiornamento necessario in questo ciclo.
2025-07-29 21:42:35,319 - INFO - [DEBUG] Nessun aggiornamento necessario in questo ciclo.
2025-07-29 21:43:05,364 - INFO - [DEBUG] Nessun aggiornamento necessario in questo ciclo.
2025-07-29 21:43:35,418 - INFO - [DEBUG] Nessun aggiornamento necessario in questo ciclo.
2025-07-29 21:44:05,573 - INFO - [DEBUG] Nessun aggiornamento necessario in questo ciclo.
2025-07-29 21:44:35,625 - INFO - [DEBUG] Nessun aggiornamento necessario in questo ciclo.
2025-07-29 21:45:05,712 - INFO - [DEBUG] Nessun aggiornamento necessario in questo ciclo.
2025-07-29 21:45:35,756 - INFO - [DEBUG] Nessun aggiornamento necessario in questo ciclo.
2025-07-29 21:46:05,954 - INFO - [DEBUG] Nessun aggiornamento necessario in questo ciclo.
2025-07-29 21:46:36,003 - INFO - [DEBUG] Nessun aggiornamento necessario in questo ciclo.
2025-07-29 21:47:06,243 - INFO - [DEBUG] Nessun aggiornamento necessario in questo ciclo.
2025-07-29 21:47:36,327 - INFO - [DEBUG] Nessun aggiornamento necessario in questo ciclo.
2025-07-29 21:48:06,486 - INFO - [DEBUG] Nessun aggiornamento necessario in questo ciclo.
2025-07-29 21:48:36,630 - INFO - [DEBUG] Nessun aggiornamento necessario in questo ciclo.
2025-07-29 21:49:06,675 - INFO - [DEBUG] Nessun aggiornamento necessario in questo ciclo.
2025-07-29 21:49:36,751 - INFO - [DEBUG] Nessun aggiornamento necessario in questo ciclo.
2025-07-29 21:50:06,806 - INFO - [DEBUG] Nessun aggiornamento necessario in questo ciclo.
2025-07-29 21:50:36,903 - INFO - [DEBUG] Nessun aggiornamento necessario in questo ciclo.
2025-07-29 21:51:07,044 - INFO - [DEBUG] Nessun aggiornamento necessario in questo ciclo.
2025-07-29 21:51:37,093 - INFO - [DEBUG] Nessun aggiornamento necessario in questo ciclo.
2025-07-29 21:52:07,165 - INFO - [DEBUG] Nessun aggiornamento necessario in questo ciclo.
2025-07-29 21:52:37,211 - INFO - [DEBUG] Nessun aggiornamento necessario in questo ciclo.
2025-07-29 21:53:07,339 - INFO - [DEBUG] Nessun aggiornamento necessario in questo ciclo.
2025-07-29 21:53:37,383 - INFO - [DEBUG] Nessun aggiornamento necessario in questo ciclo.
2025-07-29 21:54:07,429 - INFO - [DEBUG] Nessun aggiornamento necessario in questo ciclo.
2025-07-29 21:54:37,793 - INFO - [DEBUG] Nessun aggiornamento necessario in questo ciclo.
2025-07-29 21:55:07,953 - INFO - [DEBUG] Nessun aggiornamento necessario in questo ciclo.
2025-07-29 21:55:38,018 - INFO - [DEBUG] Nessun aggiornamento necessario in questo ciclo.
2025-07-29 21:56:08,090 - INFO - [DEBUG] Nessun aggiornamento necessario in questo ciclo.
2025-07-29 21:56:38,175 - INFO - [DEBUG] Nessun aggiornamento necessario in questo ciclo.
2025-07-29 21:57:08,222 - INFO - [DEBUG] Nessun aggiornamento necessario in questo ciclo.
2025-07-29 21:57:38,276 - INFO - [DEBUG] Nessun aggiornamento necessario in questo ciclo.
2025-07-29 21:58:08,395 - INFO - [DEBUG] Nessun aggiornamento necessario in questo ciclo.
2025-07-29 21:58:38,559 - INFO - [DEBUG] Nessun aggiornamento necessario in questo ciclo.
2025-07-29 21:59:08,607 - INFO - [DEBUG] Nessun aggiornamento necessario in questo ciclo.
2025-07-29 21:59:38,707 - INFO - [DEBUG] Nessun aggiornamento necessario in questo ciclo.
2025-07-29 22:00:08,771 - INFO - [DEBUG] Nessun aggiornamento necessario in questo ciclo.
2025-07-29 22:00:38,827 - INFO - [DEBUG] Nessun aggiornamento necessario in questo ciclo.
2025-07-29 22:01:09,136 - INFO - [DEBUG] Nessun aggiornamento necessario in questo ciclo.
2025-07-29 22:01:39,194 - INFO - [DEBUG] Nessun aggiornamento necessario in questo ciclo.
2025-07-29 22:02:09,253 - INFO - [DEBUG] Nessun aggiornamento necessario in questo ciclo.
2025-07-29 22:02:39,326 - INFO - [DEBUG] Nessun aggiornamento necessario in questo ciclo.
2025-07-29 22:03:09,372 - INFO - [DEBUG] Nessun aggiornamento necessario in questo ciclo.
2025-07-29 22:03:39,486 - INFO - [DEBUG] Nessun aggiornamento necessario in questo ciclo.
2025-07-29 22:04:09,585 - INFO - [DEBUG] Nessun aggiornamento necessario in questo ciclo.
2025-07-29 22:04:39,630 - INFO - [DEBUG] Nessun aggiornamento necessario in questo ciclo.
2025-07-29 22:05:09,677 - INFO - [DEBUG] Nessun aggiornamento necessario in questo ciclo.
2025-07-29 22:05:39,723 - INFO - [DEBUG] Nessun aggiornamento necessario in questo ciclo.
2025-07-29 22:06:09,767 - INFO - [DEBUG] Nessun aggiornamento necessario in questo ciclo.
2025-07-29 22:06:39,964 - INFO - [DEBUG] Nessun aggiornamento necessario in questo ciclo.
2025-07-29 22:07:10,163 - INFO - [DEBUG] Nessun aggiornamento necessario in questo ciclo.
2025-07-29 22:07:40,231 - INFO - [DEBUG] Nessun aggiornamento necessario in questo ciclo.
2025-07-29 22:08:10,459 - INFO - [DEBUG] Nessun aggiornamento necessario in questo ciclo.
2025-07-29 22:08:40,505 - INFO - [DEBUG] Nessun aggiornamento necessario in questo ciclo.
2025-07-29 22:09:10,557 - INFO - [DEBUG] Nessun aggiornamento necessario in questo ciclo.
2025-07-29 22:09:41,270 - INFO - [DEBUG] Nessun aggiornamento necessario in questo ciclo.
2025-07-29 22:10:11,320 - INFO - [DEBUG] Nessun aggiornamento necessario in questo ciclo.
2025-07-29 22:10:41,365 - INFO - [DEBUG] Nessun aggiornamento necessario in questo ciclo.
2025-07-29 22:11:11,409 - INFO - [DEBUG] Nessun aggiornamento necessario in questo ciclo.
2025-07-29 22:11:41,459 - INFO - [DEBUG] Nessun aggiornamento necessario in questo ciclo.
2025-07-29 22:12:11,592 - INFO - [DEBUG] Nessun aggiornamento necessario in questo ciclo.
2025-07-29 22:12:41,640 - INFO - [DEBUG] Nessun aggiornamento necessario in questo ciclo.
2025-07-29 22:13:12,056 - INFO - [DEBUG] Nessun aggiornamento necessario in questo ciclo.
2025-07-29 22:13:42,117 - INFO - [DEBUG] Nessun aggiornamento necessario in questo ciclo.
2025-07-29 22:14:12,184 - INFO - [DEBUG] Nessun aggiornamento necessario in questo ciclo.
2025-07-29 22:14:42,235 - INFO - [DEBUG] Nessun aggiornamento necessario in questo ciclo.
2025-07-29 22:15:12,346 - INFO - [DEBUG] Nessun aggiornamento necessario in questo ciclo.
2025-07-29 22:15:42,401 - INFO - [DEBUG] Nessun aggiornamento necessario in questo ciclo.
2025-07-29 22:16:12,457 - INFO - [DEBUG] Nessun aggiornamento necessario in questo ciclo.
2025-07-29 22:16:42,538 - INFO - [DEBUG] Nessun aggiornamento necessario in questo ciclo.
2025-07-29 22:17:12,977 - INFO - [DEBUG] Nessun aggiornamento necessario in questo ciclo.
2025-07-29 22:17:43,199 - INFO - [DEBUG] Nessun aggiornamento necessario in questo ciclo.
2025-07-29 22:18:13,340 - INFO - [DEBUG] Nessun aggiornamento necessario in questo ciclo.
2025-07-29 22:18:43,384 - INFO - [DEBUG] Nessun aggiornamento necessario in questo ciclo.
2025-07-29 22:19:13,431 - INFO - [DEBUG] Nessun aggiornamento necessario in questo ciclo.
2025-07-29 22:19:43,619 - INFO - [DEBUG] Nessun aggiornamento necessario in questo ciclo.
2025-07-29 22:20:13,709 - INFO - [DEBUG] Nessun aggiornamento necessario in questo ciclo.
2025-07-29 22:20:43,869 - INFO - [DEBUG] Nessun aggiornamento necessario in questo ciclo.
2025-07-29 22:21:14,056 - INFO - [DEBUG] Nessun aggiornamento necessario in questo ciclo.
2025-07-29 22:21:44,165 - INFO - [DEBUG] Nessun aggiornamento necessario in questo ciclo.
2025-07-29 22:22:14,279 - INFO - [DEBUG] Nessun aggiornamento necessario in questo ciclo.
2025-07-29 22:22:44,328 - INFO - [DEBUG] Nessun aggiornamento necessario in questo ciclo.
2025-07-29 22:23:14,382 - INFO - [DEBUG] Nessun aggiornamento necessario in questo ciclo.
2025-07-29 22:23:44,446 - INFO - [DEBUG] Nessun aggiornamento necessario in questo ciclo.
2025-07-29 22:24:14,527 - INFO - [DEBUG] Nessun aggiornamento necessario in questo ciclo.
2025-07-29 22:24:44,590 - INFO - [DEBUG] Nessun aggiornamento necessario in questo ciclo.
2025-07-29 22:25:14,688 - INFO - [DEBUG] Nessun aggiornamento necessario in questo ciclo.
2025-07-29 22:25:44,878 - INFO - [DEBUG] Nessun aggiornamento necessario in questo ciclo.
2025-07-29 22:26:14,940 - INFO - [DEBUG] Nessun aggiornamento necessario in questo ciclo.
2025-07-29 22:26:44,999 - INFO - [DEBUG] Nessun aggiornamento necessario in questo ciclo.
2025-07-29 22:27:15,055 - INFO - [DEBUG] Nessun aggiornamento necessario in questo ciclo.
2025-07-29 22:27:45,115 - INFO - [DEBUG] Nessun aggiornamento necessario in questo ciclo.
2025-07-29 22:28:15,480 - INFO - [DEBUG] Nessun aggiornamento necessario in questo ciclo.
2025-07-29 22:28:45,537 - INFO - [DEBUG] Nessun aggiornamento necessario in questo ciclo.
2025-07-29 22:29:15,582 - INFO - [DEBUG] Nessun aggiornamento necessario in questo ciclo.
2025-07-29 22:29:45,846 - INFO - [DEBUG] Nessun aggiornamento necessario in questo ciclo.
2025-07-29 22:30:15,922 - INFO - [DEBUG] Nessun aggiornamento necessario in questo ciclo.
2025-07-29 22:30:45,964 - INFO - [DEBUG] Nessun aggiornamento necessario in questo ciclo.
2025-07-29 22:31:16,075 - INFO - [DEBUG] Nessun aggiornamento necessario in questo ciclo.
2025-07-29 22:31:46,159 - INFO - [DEBUG] Nessun aggiornamento necessario in questo ciclo.
2025-07-29 22:32:16,221 - INFO - [DEBUG] Nessun aggiornamento necessario in questo ciclo.
2025-07-29 22:32:46,266 - INFO - [DEBUG] Nessun aggiornamento necessario in questo ciclo.
2025-07-29 22:33:16,301 - INFO - [DEBUG] Nessun aggiornamento necessario in questo ciclo.
2025-07-29 22:33:46,356 - INFO - [DEBUG] Nessun aggiornamento necessario in questo ciclo.
2025-07-29 22:34:16,395 - INFO - [DEBUG] Nessun aggiornamento necessario in questo ciclo.
2025-07-29 22:34:46,445 - INFO - [DEBUG] Nessun aggiornamento necessario in questo ciclo.
2025-07-29 22:35:16,496 - INFO - [DEBUG] Nessun aggiornamento necessario in questo ciclo.
2025-07-29 22:35:46,937 - INFO - [DEBUG] Nessun aggiornamento necessario in questo ciclo.
2025-07-29 22:36:16,977 - INFO - [DEBUG] Nessun aggiornamento necessario in questo ciclo.
2025-07-29 22:36:47,038 - INFO - [DEBUG] Nessun aggiornamento necessario in questo ciclo.
2025-07-29 22:37:17,248 - INFO - [DEBUG] Nessun aggiornamento necessario in questo ciclo.
2025-07-29 22:37:47,319 - INFO - [DEBUG] Nessun aggiornamento necessario in questo ciclo.
2025-07-29 22:38:17,375 - INFO - [DEBUG] Nessun aggiornamento necessario in questo ciclo.
2025-07-29 22:38:47,428 - INFO - [DEBUG] Nessun aggiornamento necessario in questo ciclo.
2025-07-29 22:39:17,510 - INFO - [DEBUG] Nessun aggiornamento necessario in questo ciclo.
2025-07-29 22:39:47,863 - INFO - [DEBUG] Nessun aggiornamento necessario in questo ciclo.
2025-07-29 22:40:17,968 - INFO - [DEBUG] Nessun aggiornamento necessario in questo ciclo.
2025-07-29 22:40:48,039 - INFO - [DEBUG] Nessun aggiornamento necessario in questo ciclo.
2025-07-29 22:41:18,089 - INFO - [DEBUG] Nessun aggiornamento necessario in questo ciclo.
2025-07-29 22:41:48,196 - INFO - [DEBUG] Nessun aggiornamento necessario in questo ciclo.
2025-07-29 22:42:18,264 - INFO - [DEBUG] Nessun aggiornamento necessario in questo ciclo.
2025-07-29 22:42:48,453 - INFO - [DEBUG] Nessun aggiornamento necessario in questo ciclo.
2025-07-29 22:43:18,513 - INFO - [DEBUG] Nessun aggiornamento necessario in questo ciclo.
2025-07-29 22:43:48,565 - INFO - [DEBUG] Nessun aggiornamento necessario in questo ciclo.
2025-07-29 22:44:18,641 - INFO - [DEBUG] Nessun aggiornamento necessario in questo ciclo.
2025-07-29 22:44:48,817 - INFO - [DEBUG] Nessun aggiornamento necessario in questo ciclo.
2025-07-29 22:45:18,966 - INFO - [DEBUG] Nessun aggiornamento necessario in questo ciclo.
2025-07-29 22:45:49,175 - INFO - [DEBUG] Nessun aggiornamento necessario in questo ciclo.
2025-07-29 22:46:19,290 - INFO - [DEBUG] Nessun aggiornamento necessario in questo ciclo.
2025-07-29 22:46:49,356 - INFO - [DEBUG] Nessun aggiornamento necessario in questo ciclo.
2025-07-29 22:47:19,402 - INFO - [DEBUG] Nessun aggiornamento necessario in questo ciclo.
2025-07-29 22:47:49,460 - INFO - [DEBUG] Nessun aggiornamento necessario in questo ciclo.
2025-07-29 22:48:19,526 - INFO - [DEBUG] Nessun aggiornamento necessario in questo ciclo.
2025-07-29 22:48:49,614 - INFO - [DEBUG] Nessun aggiornamento necessario in questo ciclo.
2025-07-29 22:49:19,961 - INFO - [DEBUG] Nessun aggiornamento necessario in questo ciclo.
2025-07-29 22:49:50,179 - INFO - [DEBUG] Nessun aggiornamento necessario in questo ciclo.
2025-07-29 22:50:20,245 - INFO - [DEBUG] Nessun aggiornamento necessario in questo ciclo.
2025-07-29 22:50:50,290 - INFO - [DEBUG] Nessun aggiornamento necessario in questo ciclo.
2025-07-29 22:51:20,615 - INFO - [DEBUG] Nessun aggiornamento necessario in questo ciclo.
2025-07-29 22:51:50,681 - INFO - [DEBUG] Nessun aggiornamento necessario in questo ciclo.
2025-07-29 22:52:20,748 - INFO - [DEBUG] Nessun aggiornamento necessario in questo ciclo.
2025-07-29 22:52:50,960 - INFO - [DEBUG] Nessun aggiornamento necessario in questo ciclo.
2025-07-29 22:53:21,194 - INFO - [DEBUG] Nessun aggiornamento necessario in questo ciclo.
2025-07-29 22:53:51,245 - INFO - [DEBUG] Nessun aggiornamento necessario in questo ciclo.
2025-07-29 22:54:21,315 - INFO - [DEBUG] Nessun aggiornamento necessario in questo ciclo.
2025-07-29 22:54:51,512 - INFO - [DEBUG] Nessun aggiornamento necessario in questo ciclo.
2025-07-29 22:55:21,608 - INFO - [DEBUG] Nessun aggiornamento necessario in questo ciclo.
2025-07-29 22:55:51,665 - INFO - [DEBUG] Nessun aggiornamento necessario in questo ciclo.
2025-07-29 22:56:21,706 - INFO - [DEBUG] Nessun aggiornamento necessario in questo ciclo.
2025-07-29 22:56:51,795 - INFO - [DEBUG] Nessun aggiornamento necessario in questo ciclo.
2025-07-29 22:57:21,855 - INFO - [DEBUG] Nessun aggiornamento necessario in questo ciclo.
2025-07-29 22:57:51,906 - INFO - [DEBUG] Nessun aggiornamento necessario in questo ciclo.
2025-07-29 22:58:21,945 - INFO - [DEBUG] Nessun aggiornamento necessario in questo ciclo.
2025-07-29 22:58:51,990 - INFO - [DEBUG] Nessun aggiornamento necessario in questo ciclo.
2025-07-29 22:59:22,037 - INFO - [DEBUG] Nessun aggiornamento necessario in questo ciclo.
2025-07-29 22:59:52,249 - INFO - [DEBUG] Nessun aggiornamento necessario in questo ciclo.
2025-07-29 23:00:22,372 - INFO - [DEBUG] Nessun aggiornamento necessario in questo ciclo.
2025-07-29 23:00:52,443 - INFO - [DEBUG] Nessun aggiornamento necessario in questo ciclo.
2025-07-29 23:01:22,504 - INFO - [DEBUG] Nessun aggiornamento necessario in questo ciclo.
2025-07-29 23:01:52,766 - INFO - [DEBUG] Nessun aggiornamento necessario in questo ciclo.
2025-07-29 23:02:22,838 - INFO - [DEBUG] Nessun aggiornamento necessario in questo ciclo.
2025-07-29 23:02:52,896 - INFO - [DEBUG] Nessun aggiornamento necessario in questo ciclo.
2025-07-29 23:03:23,088 - INFO - [DEBUG] Nessun aggiornamento necessario in questo ciclo.
2025-07-29 23:03:53,277 - INFO - [DEBUG] Nessun aggiornamento necessario in questo ciclo.
2025-07-29 23:04:23,331 - INFO - [DEBUG] Nessun aggiornamento necessario in questo ciclo.
2025-07-29 23:04:53,484 - INFO - [DEBUG] Nessun aggiornamento necessario in questo ciclo.
2025-07-29 23:05:23,591 - INFO - [DEBUG] Nessun aggiornamento necessario in questo ciclo.
2025-07-29 23:05:53,639 - INFO - [DEBUG] Nessun aggiornamento necessario in questo ciclo.
2025-07-29 23:06:23,980 - INFO - [DEBUG] Nessun aggiornamento necessario in questo ciclo.
2025-07-29 23:06:54,065 - INFO - [DEBUG] Nessun aggiornamento necessario in questo ciclo.
2025-07-29 23:07:24,263 - INFO - [DEBUG] Nessun aggiornamento necessario in questo ciclo.
2025-07-29 23:07:54,350 - INFO - [DEBUG] Nessun aggiornamento necessario in questo ciclo.
2025-07-29 23:08:24,400 - INFO - [DEBUG] Nessun aggiornamento necessario in questo ciclo.
2025-07-29 23:08:54,447 - INFO - [DEBUG] Nessun aggiornamento necessario in questo ciclo.
2025-07-29 23:09:24,672 - INFO - [DEBUG] Nessun aggiornamento necessario in questo ciclo.
2025-07-29 23:09:54,716 - INFO - [DEBUG] Nessun aggiornamento necessario in questo ciclo.
2025-07-29 23:10:24,761 - INFO - [DEBUG] Nessun aggiornamento necessario in questo ciclo.
2025-07-29 23:10:54,805 - INFO - [DEBUG] Nessun aggiornamento necessario in questo ciclo.
2025-07-29 23:11:24,978 - INFO - [DEBUG] Nessun aggiornamento necessario in questo ciclo.
2025-07-29 23:11:55,257 - INFO - [DEBUG] Nessun aggiornamento necessario in questo ciclo.
2025-07-29 23:12:25,499 - INFO - [DEBUG] Nessun aggiornamento necessario in questo ciclo.
2025-07-29 23:12:55,698 - INFO - [DEBUG] Nessun aggiornamento necessario in questo ciclo.
2025-07-29 23:13:25,764 - INFO - [DEBUG] Nessun aggiornamento necessario in questo ciclo.
2025-07-29 23:13:55,822 - INFO - [DEBUG] Nessun aggiornamento necessario in questo ciclo.
2025-07-29 23:14:25,867 - INFO - [DEBUG] Nessun aggiornamento necessario in questo ciclo.
2025-07-29 23:14:55,928 - INFO - [DEBUG] Nessun aggiornamento necessario in questo ciclo.
2025-07-29 23:15:25,973 - INFO - [DEBUG] Nessun aggiornamento necessario in questo ciclo.
2025-07-29 23:15:56,008 - INFO - [DEBUG] Nessun aggiornamento necessario in questo ciclo.
2025-07-29 23:16:26,106 - INFO - [DEBUG] Nessun aggiornamento necessario in questo ciclo.
2025-07-29 23:16:56,256 - INFO - [DEBUG] Nessun aggiornamento necessario in questo ciclo.
2025-07-29 23:17:26,318 - INFO - [DEBUG] Nessun aggiornamento necessario in questo ciclo.
2025-07-29 23:17:56,377 - INFO - [DEBUG] Nessun aggiornamento necessario in questo ciclo.
2025-07-29 23:18:26,503 - INFO - [DEBUG] Nessun aggiornamento necessario in questo ciclo.
2025-07-29 23:18:56,552 - INFO - [DEBUG] Nessun aggiornamento necessario in questo ciclo.
2025-07-29 23:19:26,604 - INFO - [DEBUG] Nessun aggiornamento necessario in questo ciclo.
2025-07-29 23:19:56,646 - INFO - [DEBUG] Nessun aggiornamento necessario in questo ciclo.
2025-07-29 23:20:26,702 - INFO - [DEBUG] Nessun aggiornamento necessario in questo ciclo.
2025-07-29 23:20:56,749 - INFO - [DEBUG] Nessun aggiornamento necessario in questo ciclo.
2025-07-29 23:21:26,820 - INFO - [DEBUG] Nessun aggiornamento necessario in questo ciclo.
2025-07-29 23:21:56,863 - INFO - [DEBUG] Nessun aggiornamento necessario in questo ciclo.
2025-07-29 23:22:26,910 - INFO - [DEBUG] Nessun aggiornamento necessario in questo ciclo.
2025-07-29 23:22:57,009 - INFO - [DEBUG] Nessun aggiornamento necessario in questo ciclo.
2025-07-29 23:23:27,061 - INFO - [DEBUG] Nessun aggiornamento necessario in questo ciclo.
2025-07-29 23:23:57,119 - INFO - [DEBUG] Nessun aggiornamento necessario in questo ciclo.
2025-07-29 23:24:27,172 - INFO - [DEBUG] Nessun aggiornamento necessario in questo ciclo.
2025-07-29 23:24:57,248 - INFO - [DEBUG] Nessun aggiornamento necessario in questo ciclo.
2025-07-29 23:25:27,306 - INFO - [DEBUG] Nessun aggiornamento necessario in questo ciclo.
2025-07-29 23:25:57,344 - INFO - [DEBUG] Nessun aggiornamento necessario in questo ciclo.
2025-07-29 23:26:27,394 - INFO - [DEBUG] Nessun aggiornamento necessario in questo ciclo.
2025-07-29 23:26:57,481 - INFO - [DEBUG] Nessun aggiornamento necessario in questo ciclo.
2025-07-29 23:27:27,527 - INFO - [DEBUG] Nessun aggiornamento necessario in questo ciclo.
2025-07-29 23:27:57,575 - INFO - [DEBUG] Nessun aggiornamento necessario in questo ciclo.
2025-07-29 23:28:27,627 - INFO - [DEBUG] Nessun aggiornamento necessario in questo ciclo.
2025-07-29 23:28:57,671 - INFO - [DEBUG] Nessun aggiornamento necessario in questo ciclo.
2025-07-29 23:29:27,706 - INFO - [DEBUG] Nessun aggiornamento necessario in questo ciclo.
2025-07-29 23:29:57,764 - INFO - [DEBUG] Nessun aggiornamento necessario in questo ciclo.
2025-07-29 23:30:27,800 - INFO - [DEBUG] Nessun aggiornamento necessario in questo ciclo.
2025-07-29 23:30:57,835 - INFO - [DEBUG] Nessun aggiornamento necessario in questo ciclo.
2025-07-29 23:31:27,887 - INFO - [DEBUG] Nessun aggiornamento necessario in questo ciclo.
2025-07-29 23:31:57,929 - INFO - [DEBUG] Nessun aggiornamento necessario in questo ciclo.
2025-07-29 23:32:27,963 - INFO - [DEBUG] Nessun aggiornamento necessario in questo ciclo.
2025-07-29 23:32:57,999 - INFO - [DEBUG] Nessun aggiornamento necessario in questo ciclo.
2025-07-29 23:33:28,033 - INFO - [DEBUG] Nessun aggiornamento necessario in questo ciclo.
2025-07-29 23:33:58,084 - INFO - [DEBUG] Nessun aggiornamento necessario in questo ciclo.
2025-07-29 23:34:28,119 - INFO - [DEBUG] Nessun aggiornamento necessario in questo ciclo.
2025-07-29 23:34:58,155 - INFO - [DEBUG] Nessun aggiornamento necessario in questo ciclo.
2025-07-29 23:35:28,191 - INFO - [DEBUG] Nessun aggiornamento necessario in questo ciclo.
2025-07-29 23:35:58,311 - INFO - [DEBUG] Nessun aggiornamento necessario in questo ciclo.
2025-07-29 23:36:21,645 - INFO - ⏹ Aggiornamento dashboard interrotto manualmente
2025-07-29 23:36:27,931 - INFO - 🚀 Avvio aggiornamento continuo dashboard (intervallo: 30s)
2025-07-29 23:36:28,438 - INFO - [DEBUG] Nessun aggiornamento necessario in questo ciclo.
2025-07-29 23:36:58,483 - INFO - [DEBUG] Nessun aggiornamento necessario in questo ciclo.
2025-07-29 23:37:28,525 - INFO - [DEBUG] Nessun aggiornamento necessario in questo ciclo.
2025-07-29 23:37:58,557 - INFO - [DEBUG] Nessun aggiornamento necessario in questo ciclo.
2025-07-29 23:38:28,618 - INFO - [DEBUG] Nessun aggiornamento necessario in questo ciclo.
2025-07-29 23:38:54,279 - INFO - ⏹ Aggiornamento dashboard interrotto manualmente
2025-07-29 23:38:59,768 - INFO - 🚀 Avvio aggiornamento continuo dashboard (intervallo: 30s)
2025-07-29 23:39:00,530 - INFO - [DEBUG] Nessun aggiornamento necessario in questo ciclo.
2025-07-29 23:39:30,567 - INFO - [DEBUG] Nessun aggiornamento necessario in questo ciclo.
2025-07-29 23:40:00,603 - INFO - [DEBUG] Nessun aggiornamento necessario in questo ciclo.
2025-07-29 23:40:30,638 - INFO - [DEBUG] Nessun aggiornamento necessario in questo ciclo.
2025-07-29 23:41:00,816 - INFO - [DEBUG] Nessun aggiornamento necessario in questo ciclo.
2025-07-29 23:41:23,146 - INFO - ⏹ Aggiornamento dashboard interrotto manualmente
2025-07-29 23:41:27,576 - INFO - 🚀 Avvio aggiornamento continuo dashboard (intervallo: 30s)
2025-07-29 23:41:28,440 - INFO - [DEBUG] Nessun aggiornamento necessario in questo ciclo.
2025-07-29 23:41:58,471 - INFO - [DEBUG] Nessun aggiornamento necessario in questo ciclo.
2025-07-29 23:42:28,542 - INFO - [DEBUG] Nessun aggiornamento necessario in questo ciclo.
2025-07-29 23:42:58,622 - INFO - [DEBUG] Nessun aggiornamento necessario in questo ciclo.
2025-07-29 23:43:28,656 - INFO - [DEBUG] Nessun aggiornamento necessario in questo ciclo.
2025-07-29 23:43:39,249 - INFO - ⏹ Aggiornamento dashboard interrotto manualmente
2025-07-29 23:43:46,220 - INFO - 🚀 Avvio aggiornamento continuo dashboard (intervallo: 30s)
2025-07-29 23:43:46,763 - INFO - [DEBUG] Nessun aggiornamento necessario in questo ciclo.
2025-07-29 23:44:16,803 - INFO - [DEBUG] Nessun aggiornamento necessario in questo ciclo.
2025-07-29 23:44:46,947 - INFO - [DEBUG] Nessun aggiornamento necessario in questo ciclo.
2025-07-29 23:45:16,979 - INFO - [DEBUG] Nessun aggiornamento necessario in questo ciclo.
2025-07-29 23:45:47,012 - INFO - [DEBUG] Nessun aggiornamento necessario in questo ciclo.
2025-07-29 23:46:17,126 - INFO - [DEBUG] Nessun aggiornamento necessario in questo ciclo.
2025-07-29 23:46:47,160 - INFO - [DEBUG] Nessun aggiornamento necessario in questo ciclo.
2025-07-29 23:47:17,193 - INFO - [DEBUG] Nessun aggiornamento necessario in questo ciclo.
2025-07-29 23:47:47,227 - INFO - [DEBUG] Nessun aggiornamento necessario in questo ciclo.
2025-07-29 23:48:17,262 - INFO - [DEBUG] Nessun aggiornamento necessario in questo ciclo.
2025-07-29 23:48:47,303 - INFO - [DEBUG] Nessun aggiornamento necessario in questo ciclo.
2025-07-29 23:49:17,344 - INFO - [DEBUG] Nessun aggiornamento necessario in questo ciclo.
2025-07-29 23:49:47,419 - INFO - [DEBUG] Nessun aggiornamento necessario in questo ciclo.
2025-07-29 23:50:08,154 - INFO - ⏹ Aggiornamento dashboard interrotto manualmente
2025-07-29 23:50:13,972 - INFO - 🚀 Avvio aggiornamento continuo dashboard (intervallo: 30s)
2025-07-29 23:50:14,534 - INFO - [DEBUG] Nessun aggiornamento necessario in questo ciclo.
2025-07-29 23:50:44,568 - INFO - [DEBUG] Nessun aggiornamento necessario in questo ciclo.
2025-07-29 23:51:14,627 - INFO - [DEBUG] Nessun aggiornamento necessario in questo ciclo.
2025-07-29 23:51:44,675 - INFO - [DEBUG] Nessun aggiornamento necessario in questo ciclo.
2025-07-29 23:52:14,709 - INFO - [DEBUG] Nessun aggiornamento necessario in questo ciclo.
2025-07-29 23:52:44,749 - INFO - [DEBUG] Nessun aggiornamento necessario in questo ciclo.
2025-07-29 23:53:14,784 - INFO - [DEBUG] Nessun aggiornamento necessario in questo ciclo.
2025-07-29 23:53:38,875 - INFO - ⏹ Aggiornamento dashboard interrotto manualmente
2025-07-29 23:53:47,561 - INFO - 🚀 Avvio aggiornamento continuo dashboard (intervallo: 30s)
2025-07-29 23:53:48,408 - INFO - [DEBUG] Nessun aggiornamento necessario in questo ciclo.
2025-07-29 23:54:18,494 - INFO - [DEBUG] Nessun aggiornamento necessario in questo ciclo.
2025-07-29 23:54:48,529 - INFO - [DEBUG] Nessun aggiornamento necessario in questo ciclo.
2025-07-29 23:55:18,565 - INFO - [DEBUG] Nessun aggiornamento necessario in questo ciclo.
2025-07-29 23:55:48,599 - INFO - [DEBUG] Nessun aggiornamento necessario in questo ciclo.
2025-07-29 23:56:15,004 - INFO - ⏹ Aggiornamento dashboard interrotto manualmente
2025-07-29 23:56:19,337 - INFO - 🚀 Avvio aggiornamento continuo dashboard (intervallo: 30s)
2025-07-29 23:56:19,852 - INFO - [DEBUG] Nessun aggiornamento necessario in questo ciclo.
2025-07-29 23:56:49,889 - INFO - [DEBUG] Nessun aggiornamento necessario in questo ciclo.
2025-07-29 23:57:19,922 - INFO - [DEBUG] Nessun aggiornamento necessario in questo ciclo.
2025-07-29 23:57:49,958 - INFO - [DEBUG] Nessun aggiornamento necessario in questo ciclo.
2025-07-29 23:58:19,989 - INFO - [DEBUG] Nessun aggiornamento necessario in questo ciclo.
2025-07-29 23:58:50,220 - INFO - [DEBUG] Nessun aggiornamento necessario in questo ciclo.
2025-07-29 23:59:20,260 - INFO - [DEBUG] Nessun aggiornamento necessario in questo ciclo.
2025-07-29 23:59:50,298 - INFO - [DEBUG] Nessun aggiornamento necessario in questo ciclo.
2025-07-30 00:00:06,573 - INFO - ⏹ Aggiornamento dashboard interrotto manualmente
2025-07-30 00:00:11,118 - INFO - 🚀 Avvio aggiornamento continuo dashboard (intervallo: 30s)
2025-07-30 00:00:11,618 - INFO - [DEBUG] Nessun aggiornamento necessario in questo ciclo.
2025-07-30 00:00:41,687 - INFO - [DEBUG] Nessun aggiornamento necessario in questo ciclo.
2025-07-30 00:01:11,720 - INFO - [DEBUG] Nessun aggiornamento necessario in questo ciclo.
2025-07-30 00:01:41,780 - INFO - [DEBUG] Nessun aggiornamento necessario in questo ciclo.
2025-07-30 00:02:04,157 - INFO - ⏹ Aggiornamento dashboard interrotto manualmente
2025-07-30 00:02:18,184 - INFO - 🚀 Avvio aggiornamento continuo dashboard (intervallo: 30s)
2025-07-30 00:02:18,644 - INFO - [DEBUG] Nessun aggiornamento necessario in questo ciclo.
2025-07-30 00:02:48,675 - INFO - [DEBUG] Nessun aggiornamento necessario in questo ciclo.
2025-07-30 00:03:18,722 - INFO - [DEBUG] Nessun aggiornamento necessario in questo ciclo.
2025-07-30 00:03:48,791 - INFO - [DEBUG] Nessun aggiornamento necessario in questo ciclo.
2025-07-30 00:04:18,841 - INFO - [DEBUG] Nessun aggiornamento necessario in questo ciclo.
2025-07-30 00:04:48,876 - INFO - [DEBUG] Nessun aggiornamento necessario in questo ciclo.
2025-07-30 00:05:18,911 - INFO - [DEBUG] Nessun aggiornamento necessario in questo ciclo.
2025-07-30 00:05:48,943 - INFO - [DEBUG] Nessun aggiornamento necessario in questo ciclo.
2025-07-30 00:06:18,995 - INFO - [DEBUG] Nessun aggiornamento necessario in questo ciclo.
2025-07-30 00:06:32,817 - INFO - ⏹ Aggiornamento dashboard interrotto manualmente
2025-07-30 00:06:40,596 - INFO - 🚀 Avvio aggiornamento continuo dashboard (intervallo: 30s)
2025-07-30 00:06:41,033 - INFO - [DEBUG] Nessun aggiornamento necessario in questo ciclo.
2025-07-30 00:07:11,081 - INFO - [DEBUG] Nessun aggiornamento necessario in questo ciclo.
2025-07-30 00:07:41,133 - INFO - [DEBUG] Nessun aggiornamento necessario in questo ciclo.
2025-07-30 00:08:11,176 - INFO - [DEBUG] Nessun aggiornamento necessario in questo ciclo.
2025-07-30 00:08:41,322 - INFO - [DEBUG] Nessun aggiornamento necessario in questo ciclo.
2025-07-30 00:09:11,355 - INFO - [DEBUG] Nessun aggiornamento necessario in questo ciclo.
2025-07-30 00:09:41,388 - INFO - [DEBUG] Nessun aggiornamento necessario in questo ciclo.
2025-07-30 00:10:11,447 - INFO - [DEBUG] Nessun aggiornamento necessario in questo ciclo.
2025-07-30 00:10:33,106 - INFO - ⏹ Aggiornamento dashboard interrotto manualmente
2025-07-30 00:13:35,478 - INFO - 🚀 Avvio aggiornamento continuo dashboard (intervallo: 30s)
2025-07-30 00:13:36,007 - INFO - 📊 Dashboard aggiornata: 41.6061, 14.7203
2025-07-30 00:14:06,040 - INFO - 📊 Dashboard aggiornata: 41.6061, 14.7203
2025-07-30 00:14:36,074 - INFO - 📊 Dashboard aggiornata: 41.6061, 14.7203
2025-07-30 00:15:06,105 - INFO - [DEBUG] Nessun aggiornamento necessario in questo ciclo.
2025-07-30 00:15:36,180 - INFO - [DEBUG] Nessun aggiornamento necessario in questo ciclo.
2025-07-30 00:16:00,885 - INFO - ⏹ Aggiornamento dashboard interrotto manualmente
